2024-01-09 00:09:03,004 INFO p.ApiKantor [AWT-EventQueue-0] pobrano dane waluty IRP	
2024-01-09 00:09:03,013 INFO p.ApiKantor [AWT-EventQueue-0] pobrano dane waluty ISK	
2024-01-09 00:09:03,013 INFO p.ApiKantor [AWT-EventQueue-0] pobrano dane waluty JMD	
2024-01-09 00:09:03,013 INFO p.ApiKantor [AWT-EventQueue-0] pobrano dane waluty JOD	
2024-01-09 00:09:03,013 INFO p.ApiKantor [AWT-EventQueue-0] pobrano dane waluty JPY	
2024-01-09 00:09:03,013 INFO p.ApiKantor [AWT-EventQueue-0] pobrano dane waluty KES	
2024-01-09 00:09:03,014 INFO p.ApiKantor [AWT-EventQueue-0] pobrano dane waluty KRW	
2024-01-09 00:09:03,014 INFO p.ApiKantor [AWT-EventQueue-0] pobrano dane waluty KWD	
2024-01-09 00:09:03,014 INFO p.ApiKantor [AWT-EventQueue-0] pobrano dane waluty KZT	
2024-01-09 00:09:03,026 INFO p.ApiKantor [AWT-EventQueue-0] pobrano dane waluty LKR	
2024-01-09 00:09:03,026 INFO p.ApiKantor [AWT-EventQueue-0] pobrano dane waluty MAD	
2024-01-09 00:09:03,026 INFO p.ApiKantor [AWT-EventQueue-0] pobrano dane waluty MDL	
2024-01-09 00:09:03,026 INFO p.ApiKantor [AWT-EventQueue-0] pobrano dane waluty MKD	
2024-01-09 00:09:03,026 INFO p.ApiKantor [AWT-EventQueue-0] pobrano dane waluty MVR	
2024-01-09 00:09:03,026 INFO p.ApiKantor [AWT-EventQueue-0] pobrano dane waluty MXN	
2024-01-09 00:09:03,026 INFO p.ApiKantor [AWT-EventQueue-0] pobrano dane waluty MYR	
2024-01-09 00:09:03,027 INFO p.ApiKantor [AWT-EventQueue-0] pobrano dane waluty NOK	
2024-01-09 00:09:03,027 INFO p.ApiKantor [AWT-EventQueue-0] pobrano dane waluty NPR	
2024-01-09 00:09:03,027 INFO p.ApiKantor [AWT-EventQueue-0] pobrano dane waluty NZD	
2024-01-09 00:09:03,027 INFO p.ApiKantor [AWT-EventQueue-0] pobrano dane waluty OMR	
2024-01-09 00:09:03,027 INFO p.ApiKantor [AWT-EventQueue-0] pobrano dane waluty PEN	
2024-01-09 00:09:03,027 INFO p.ApiKantor [AWT-EventQueue-0] pobrano dane waluty PHP	
2024-01-09 00:09:03,027 INFO p.ApiKantor [AWT-EventQueue-0] pobrano dane waluty QAR	
2024-01-09 00:09:03,028 INFO p.ApiKantor [AWT-EventQueue-0] pobrano dane waluty RON	
2024-01-09 00:09:03,028 INFO p.ApiKantor [AWT-EventQueue-0] pobrano dane waluty RSD	
2024-01-09 00:09:03,028 INFO p.ApiKantor [AWT-EventQueue-0] pobrano dane waluty RUB	
2024-01-09 00:09:03,028 INFO p.ApiKantor [AWT-EventQueue-0] pobrano dane waluty SAR	
2024-01-09 00:09:03,028 INFO p.ApiKantor [AWT-EventQueue-0] pobrano dane waluty SCP	
2024-01-09 00:09:03,028 INFO p.ApiKantor [AWT-EventQueue-0] pobrano dane waluty SCR	
2024-01-09 00:09:03,028 INFO p.ApiKantor [AWT-EventQueue-0] pobrano dane waluty SEK	
2024-01-09 00:09:03,030 INFO p.ApiKantor [AWT-EventQueue-0] pobrano dane waluty SGD	
2024-01-09 00:09:03,030 INFO p.ApiKantor [AWT-EventQueue-0] pobrano dane waluty THB	
2024-01-09 00:09:03,030 INFO p.ApiKantor [AWT-EventQueue-0] pobrano dane waluty TMB	
2024-01-09 00:09:03,030 INFO p.ApiKantor [AWT-EventQueue-0] pobrano dane waluty TND	
2024-01-09 00:09:03,030 INFO p.ApiKantor [AWT-EventQueue-0] pobrano dane waluty TRY	
2024-01-09 00:09:03,030 INFO p.ApiKantor [AWT-EventQueue-0] pobrano dane waluty TWD	
2024-01-09 00:09:03,030 INFO p.ApiKantor [AWT-EventQueue-0] pobrano dane waluty TZS	
2024-01-09 00:09:03,030 INFO p.ApiKantor [AWT-EventQueue-0] pobrano dane waluty UAH	
2024-01-09 00:09:03,030 INFO p.ApiKantor [AWT-EventQueue-0] pobrano dane waluty USD	
2024-01-09 00:09:03,030 INFO p.ApiKantor [AWT-EventQueue-0] pobrano dane waluty UYU	
2024-01-09 00:09:03,031 INFO p.ApiKantor [AWT-EventQueue-0] pobrano dane waluty VND	
2024-01-09 00:09:03,031 INFO p.ApiKantor [AWT-EventQueue-0] pobrano dane waluty ZAR	
2024-01-09 00:09:03,031 INFO p.ApiKantor [AWT-EventQueue-0] 

2024-01-09 00:09:03,031 INFO p.ApiKantor [AWT-EventQueue-0] pobrano dane waluty 1.042	
2024-01-09 00:09:03,031 INFO p.ApiKantor [AWT-EventQueue-0] pobrano dane waluty 0.0421	
2024-01-09 00:09:03,031 INFO p.ApiKantor [AWT-EventQueue-0] pobrano dane waluty 0.009	
2024-01-09 00:09:03,031 INFO p.ApiKantor [AWT-EventQueue-0] pobrano dane waluty 0.0031	
2024-01-09 00:09:03,031 INFO p.ApiKantor [AWT-EventQueue-0] pobrano dane waluty 2.591	
2024-01-09 00:09:03,031 INFO p.ApiKantor [AWT-EventQueue-0] pobrano dane waluty 2.213	
2024-01-09 00:09:03,032 INFO p.ApiKantor [AWT-EventQueue-0] pobrano dane waluty 2.303	
2024-01-09 00:09:03,032 INFO p.ApiKantor [AWT-EventQueue-0] pobrano dane waluty 0.0202	
2024-01-09 00:09:03,032 INFO p.ApiKantor [AWT-EventQueue-0] pobrano dane waluty 2.215	
2024-01-09 00:09:03,032 INFO p.ApiKantor [AWT-EventQueue-0] pobrano dane waluty 7.7	
2024-01-09 00:09:03,032 INFO p.ApiKantor [AWT-EventQueue-0] pobrano dane waluty 0.44	
2024-01-09 00:09:03,032 INFO p.ApiKantor [AWT-EventQueue-0] pobrano dane waluty 0.827	
2024-01-09 00:09:03,032 INFO p.ApiKantor [AWT-EventQueue-0] pobrano dane waluty 0.184	
2024-01-09 00:09:03,032 INFO p.ApiKantor [AWT-EventQueue-0] pobrano dane waluty 0.835	
2024-01-09 00:09:03,033 INFO p.ApiKantor [AWT-EventQueue-0] pobrano dane waluty 2.892	
2024-01-09 00:09:03,033 INFO p.ApiKantor [AWT-EventQueue-0] pobrano dane waluty 4.621	
2024-01-09 00:09:03,033 INFO p.ApiKantor [AWT-EventQueue-0] pobrano dane waluty 0.0036	
2024-01-09 00:09:03,033 INFO p.ApiKantor [AWT-EventQueue-0] pobrano dane waluty 0.523	
2024-01-09 00:09:03,033 INFO p.ApiKantor [AWT-EventQueue-0] pobrano dane waluty 0.0006	
2024-01-09 00:09:03,033 INFO p.ApiKantor [AWT-EventQueue-0] pobrano dane waluty 0.0051	
2024-01-09 00:09:03,033 INFO p.ApiKantor [AWT-EventQueue-0] pobrano dane waluty 0.1714	
2024-01-09 00:09:03,033 INFO p.ApiKantor [AWT-EventQueue-0] pobrano dane waluty 0.482	
2024-01-09 00:09:03,033 INFO p.ApiKantor [AWT-EventQueue-0] pobrano dane waluty 0.0737	
2024-01-09 00:09:03,034 INFO p.ApiKantor [AWT-EventQueue-0] pobrano dane waluty 0.09	
2024-01-09 00:09:03,034 INFO p.ApiKantor [AWT-EventQueue-0] pobrano dane waluty 3.35	
2024-01-09 00:09:03,034 INFO p.ApiKantor [AWT-EventQueue-0] pobrano dane waluty 4.283	
2024-01-09 00:09:03,034 INFO p.ApiKantor [AWT-EventQueue-0] pobrano dane waluty 4.934	
2024-01-09 00:09:03,034 INFO p.ApiKantor [AWT-EventQueue-0] pobrano dane waluty 1.453	
2024-01-09 00:09:03,034 INFO p.ApiKantor [AWT-EventQueue-0] pobrano dane waluty 0.483	
2024-01-09 00:09:03,034 INFO p.ApiKantor [AWT-EventQueue-0] pobrano dane waluty 0.402	
2024-01-09 00:09:03,034 INFO p.ApiKantor [AWT-EventQueue-0] pobrano dane waluty 0.0112	
2024-01-09 00:09:03,034 INFO p.ApiKantor [AWT-EventQueue-0] pobrano dane waluty 0.0026	
2024-01-09 00:09:03,034 INFO p.ApiKantor [AWT-EventQueue-0] pobrano dane waluty 4.24	
2024-01-09 00:09:03,035 INFO p.ApiKantor [AWT-EventQueue-0] pobrano dane waluty 0.903	
2024-01-09 00:09:03,035 INFO p.ApiKantor [AWT-EventQueue-0] pobrano dane waluty 0.0453	
2024-01-09 00:09:03,035 INFO p.ApiKantor [AWT-EventQueue-0] pobrano dane waluty 4.24	
2024-01-09 00:09:03,035 INFO p.ApiKantor [AWT-EventQueue-0] pobrano dane waluty 0.0261	
2024-01-09 00:09:03,035 INFO p.ApiKantor [AWT-EventQueue-0] pobrano dane waluty 0.016	
2024-01-09 00:09:03,035 INFO p.ApiKantor [AWT-EventQueue-0] pobrano dane waluty 5.56	
2024-01-09 00:09:03,035 INFO p.ApiKantor [AWT-EventQueue-0] pobrano dane waluty 0.0271	
2024-01-09 00:09:03,035 INFO p.ApiKantor [AWT-EventQueue-0] pobrano dane waluty 0.0214	
2024-01-09 00:09:03,036 INFO p.ApiKantor [AWT-EventQueue-0] pobrano dane waluty 0.0031	
2024-01-09 00:09:03,036 INFO p.ApiKantor [AWT-EventQueue-0] pobrano dane waluty 11.1	
2024-01-09 00:09:03,036 INFO p.ApiKantor [AWT-EventQueue-0] pobrano dane waluty 0.0067	
2024-01-09 00:09:03,036 INFO p.ApiKantor [AWT-EventQueue-0] pobrano dane waluty 0.01	
2024-01-09 00:09:03,036 INFO p.ApiKantor [AWT-EventQueue-0] pobrano dane waluty 0.434	
2024-01-09 00:09:03,036 INFO p.ApiKantor [AWT-EventQueue-0] pobrano dane waluty 0.142	
2024-01-09 00:09:03,036 INFO p.ApiKantor [AWT-EventQueue-0] pobrano dane waluty 0.0733	
2024-01-09 00:09:03,036 INFO p.ApiKantor [AWT-EventQueue-0] pobrano dane waluty 0.265	
2024-01-09 00:09:03,037 INFO p.ApiKantor [AWT-EventQueue-0] pobrano dane waluty 0.232	
